{"synthetic": false,
 "schemaVersion": "2025-09-10",
 "outputs":
 {"o": ["67d4709b012d7806.olean"],
  "i": "a813e0d038db448e.ilean",
  "c": "9c990bf5f63ffd2d.c"},
 "log":
 [{"message":
   ".> LEAN_PATH=/Users/victorgallego/pokered-verify/autoresearch/runs/20260416_165535/workspace_bug3/.lake/build/lib/lean /Users/victorgallego/.elan/toolchains/leanprover--lean4---v4.28.0/bin/lean /Users/victorgallego/pokered-verify/autoresearch/runs/20260416_165535/workspace_bug3/Solution.lean -o /Users/victorgallego/pokered-verify/autoresearch/runs/20260416_165535/workspace_bug3/.lake/build/lib/lean/Solution.olean -i /Users/victorgallego/pokered-verify/autoresearch/runs/20260416_165535/workspace_bug3/.lake/build/lib/lean/Solution.ilean -c /Users/victorgallego/pokered-verify/autoresearch/runs/20260416_165535/workspace_bug3/.lake/build/ir/Solution.c --setup /Users/victorgallego/pokered-verify/autoresearch/runs/20260416_165535/workspace_bug3/.lake/build/ir/Solution.setup.json --json",
   "level": "trace"},
  {"message":
   "Solution.lean:20:10: unused variable `hp`\n\nNote: This linter can be disabled with `set_option linter.unusedVariables false`",
   "level": "warning"},
  {"message":
   "Solution.lean:20:13: unused variable `maxHp`\n\nNote: This linter can be disabled with `set_option linter.unusedVariables false`",
   "level": "warning"},
  {"message": "Solution.lean:89:0: true", "level": "info"},
  {"message": "Solution.lean:91:0: false", "level": "info"},
  {"message": "Solution.lean:93:0: true", "level": "info"}],
 "inputs":
 [["Solution:deps",
   [["deps",
     [["«autoresearch-workspace»/Solution:extraDep",
       [["@«autoresearch-workspace»:extraDep", "00000000000006bb"]]],
      ["imports",
       [["SM83 transitive imports (legacy)", "f7c5082f8c03835f"],
        ["SM83:importAllArts", "78c1de84cb8fb2c7"]]]]],
    ["libs",
     [["import dynlibs", "00000000000006bb"],
      ["package external libraries", "00000000000006bb"],
      ["module dynlibs", "00000000000006bb"],
      ["module plugins", "00000000000006bb"]]]]],
  ["Lean 4.28.0, commit 7e01a1bf5c70fc6167d49c345d3bf80596e9a79b",
   "a96bc04a2e5e9630"],
  ["/Users/victorgallego/pokered-verify/autoresearch/runs/20260416_165535/workspace_bug3/Solution.lean",
   "097e090976d846d8"],
  ["options", [["-DautoImplicit=false", "4a85acb881fd49d0"]]],
  ["Module.leanArgs: #[]", "00000000000006bb"]],
 "depHash": "cb8f56ba951369aa"}