{"synthetic": false,
 "schemaVersion": "2025-09-10",
 "outputs":
 {"o": ["f918c3bf752c12b3.olean"],
  "i": "151c95cb3d45d375.ilean",
  "c": "2cebec90c2545553.c"},
 "log":
 [{"message":
   ".> LEAN_PATH=/Users/victorgallego/pokered-verify/autoresearch/runs/20260416_165535/workspace_bug7/.lake/build/lib/lean /Users/victorgallego/.elan/toolchains/leanprover--lean4---v4.28.0/bin/lean /Users/victorgallego/pokered-verify/autoresearch/runs/20260416_165535/workspace_bug7/SM83/Control.lean -o /Users/victorgallego/pokered-verify/autoresearch/runs/20260416_165535/workspace_bug7/.lake/build/lib/lean/SM83/Control.olean -i /Users/victorgallego/pokered-verify/autoresearch/runs/20260416_165535/workspace_bug7/.lake/build/lib/lean/SM83/Control.ilean -c /Users/victorgallego/pokered-verify/autoresearch/runs/20260416_165535/workspace_bug7/.lake/build/ir/SM83/Control.c --setup /Users/victorgallego/pokered-verify/autoresearch/runs/20260416_165535/workspace_bug7/.lake/build/ir/SM83/Control.setup.json --json",
   "level": "trace"}],
 "inputs":
 [["SM83.Control:deps",
   [["deps",
     [["«autoresearch-workspace»/SM83:extraDep",
       [["@«autoresearch-workspace»:extraDep", "00000000000006bb"]]],
      ["imports",
       [["SM83.Flags transitive imports (legacy)", "4a6c599f91b123b8"],
        ["SM83.Flags:importAllArts", "61022b7cb755029b"],
        ["SM83.Memory transitive imports (legacy)", "4a6c599f91b123b8"],
        ["SM83.Memory:importAllArts", "a0e9ed421ad7cdef"],
        ["SM83.Basic transitive imports (legacy)", "00000000000006bb"],
        ["SM83.Basic:importAllArts", "32a27c9b3548f5d9"]]]]],
    ["libs",
     [["import dynlibs", "00000000000006bb"],
      ["package external libraries", "00000000000006bb"],
      ["module dynlibs", "00000000000006bb"],
      ["module plugins", "00000000000006bb"]]]]],
  ["Lean 4.28.0, commit 7e01a1bf5c70fc6167d49c345d3bf80596e9a79b",
   "a96bc04a2e5e9630"],
  ["/Users/victorgallego/pokered-verify/autoresearch/runs/20260416_165535/workspace_bug7/SM83/Control.lean",
   "273653b181660cfa"],
  ["options", [["-DautoImplicit=false", "4a85acb881fd49d0"]]],
  ["Module.leanArgs: #[]", "00000000000006bb"]],
 "depHash": "e816a787aad44376"}