{"synthetic": false,
 "schemaVersion": "2025-09-10",
 "outputs":
 {"o": ["11180b0de6a3898b.olean"],
  "i": "437944c0751f0b92.ilean",
  "c": "be91352e475d3d6a.c"},
 "log":
 [{"message":
   ".> LEAN_PATH=/Users/victorgallego/pokered-verify/autoresearch/runs/20260416_165535/workspace_bug5/.lake/build/lib/lean /Users/victorgallego/.elan/toolchains/leanprover--lean4---v4.28.0/bin/lean /Users/victorgallego/pokered-verify/autoresearch/runs/20260416_165535/workspace_bug5/SM83.lean -o /Users/victorgallego/pokered-verify/autoresearch/runs/20260416_165535/workspace_bug5/.lake/build/lib/lean/SM83.olean -i /Users/victorgallego/pokered-verify/autoresearch/runs/20260416_165535/workspace_bug5/.lake/build/lib/lean/SM83.ilean -c /Users/victorgallego/pokered-verify/autoresearch/runs/20260416_165535/workspace_bug5/.lake/build/ir/SM83.c --setup /Users/victorgallego/pokered-verify/autoresearch/runs/20260416_165535/workspace_bug5/.lake/build/ir/SM83.setup.json --json",
   "level": "trace"}],
 "inputs":
 [["SM83:deps",
   [["deps",
     [["«autoresearch-workspace»/SM83:extraDep",
       [["@«autoresearch-workspace»:extraDep", "00000000000006bb"]]],
      ["imports",
       [["SM83.Basic transitive imports (legacy)", "00000000000006bb"],
        ["SM83.Basic:importAllArts", "32a27c9b3548f5d9"],
        ["SM83.State transitive imports (legacy)", "6f7c60d4837b49c3"],
        ["SM83.State:importAllArts", "535edc4d218810f1"],
        ["SM83.Flags transitive imports (legacy)", "4a6c599f91b123b8"],
        ["SM83.Flags:importAllArts", "61022b7cb755029b"],
        ["SM83.Memory transitive imports (legacy)", "4a6c599f91b123b8"],
        ["SM83.Memory:importAllArts", "a0e9ed421ad7cdef"],
        ["SM83.Arithmetic transitive imports (legacy)", "362ff977e662d021"],
        ["SM83.Arithmetic:importAllArts", "5a7fa058d73311e3"],
        ["SM83.Logic transitive imports (legacy)", "44dbeb3046de1479"],
        ["SM83.Logic:importAllArts", "ad0fc34a0fc24930"],
        ["SM83.Load transitive imports (legacy)", "807241dd3e3e9f1d"],
        ["SM83.Load:importAllArts", "c16d07abf254720e"],
        ["SM83.Control transitive imports (legacy)", "d2d727830a4e410d"],
        ["SM83.Control:importAllArts", "620947499bf70371"],
        ["SM83.Properties transitive imports (legacy)", "8bffc9f477e090ee"],
        ["SM83.Properties:importAllArts", "a0669483b60cb9f9"]]]]],
    ["libs",
     [["import dynlibs", "00000000000006bb"],
      ["package external libraries", "00000000000006bb"],
      ["module dynlibs", "00000000000006bb"],
      ["module plugins", "00000000000006bb"]]]]],
  ["Lean 4.28.0, commit 7e01a1bf5c70fc6167d49c345d3bf80596e9a79b",
   "a96bc04a2e5e9630"],
  ["/Users/victorgallego/pokered-verify/autoresearch/runs/20260416_165535/workspace_bug5/SM83.lean",
   "c68f2356052e1112"],
  ["options", [["-DautoImplicit=false", "4a85acb881fd49d0"]]],
  ["Module.leanArgs: #[]", "00000000000006bb"]],
 "depHash": "d0a12bf31f935926"}