{"synthetic": false,
 "schemaVersion": "2025-09-10",
 "outputs":
 {"o": ["41c1f522a55444cc.olean"],
  "i": "2675cfec4ae72f69.ilean",
  "c": "649bb13d5d046919.c"},
 "log":
 [{"message":
   ".> LEAN_PATH=/Users/victorgallego/pokered-verify/autoresearch/runs/20260416_165535/workspace_bug3/.lake/build/lib/lean /Users/victorgallego/.elan/toolchains/leanprover--lean4---v4.28.0/bin/lean /Users/victorgallego/pokered-verify/autoresearch/runs/20260416_165535/workspace_bug3/SM83/Arithmetic.lean -o /Users/victorgallego/pokered-verify/autoresearch/runs/20260416_165535/workspace_bug3/.lake/build/lib/lean/SM83/Arithmetic.olean -i /Users/victorgallego/pokered-verify/autoresearch/runs/20260416_165535/workspace_bug3/.lake/build/lib/lean/SM83/Arithmetic.ilean -c /Users/victorgallego/pokered-verify/autoresearch/runs/20260416_165535/workspace_bug3/.lake/build/ir/SM83/Arithmetic.c --setup /Users/victorgallego/pokered-verify/autoresearch/runs/20260416_165535/workspace_bug3/.lake/build/ir/SM83/Arithmetic.setup.json --json",
   "level": "trace"},
  {"message": "SM83/Arithmetic.lean:186:0: (true, true, true, true)",
   "level": "info"},
  {"message": "SM83/Arithmetic.lean:193:0: (true, true, true, true)",
   "level": "info"},
  {"message": "SM83/Arithmetic.lean:199:0: (true, true)", "level": "info"},
  {"message": "SM83/Arithmetic.lean:205:0: (true, true, true)",
   "level": "info"},
  {"message": "SM83/Arithmetic.lean:211:0: (true, true, true)",
   "level": "info"},
  {"message": "SM83/Arithmetic.lean:217:0: (true, true, true)",
   "level": "info"},
  {"message": "SM83/Arithmetic.lean:223:0: (true, true, true, true)",
   "level": "info"}],
 "inputs":
 [["SM83.Arithmetic:deps",
   [["deps",
     [["«autoresearch-workspace»/SM83:extraDep",
       [["@«autoresearch-workspace»:extraDep", "00000000000006bb"]]],
      ["imports",
       [["SM83.Flags transitive imports (legacy)", "4a6c599f91b123b8"],
        ["SM83.Flags:importAllArts", "61022b7cb755029b"]]]]],
    ["libs",
     [["import dynlibs", "00000000000006bb"],
      ["package external libraries", "00000000000006bb"],
      ["module dynlibs", "00000000000006bb"],
      ["module plugins", "00000000000006bb"]]]]],
  ["Lean 4.28.0, commit 7e01a1bf5c70fc6167d49c345d3bf80596e9a79b",
   "a96bc04a2e5e9630"],
  ["/Users/victorgallego/pokered-verify/autoresearch/runs/20260416_165535/workspace_bug3/SM83/Arithmetic.lean",
   "2e9dfc0e35e12172"],
  ["options", [["-DautoImplicit=false", "4a85acb881fd49d0"]]],
  ["Module.leanArgs: #[]", "00000000000006bb"]],
 "depHash": "aa5a6841daed4af0"}