{"synthetic": false,
 "schemaVersion": "2025-09-10",
 "outputs":
 {"o": ["f8a16e4c9051cc63.olean"],
  "i": "4cd90f8d1875bae4.ilean",
  "c": "e11ea050f9994d8b.c"},
 "log":
 [{"message":
   ".> LEAN_PATH=/Users/victorgallego/pokered-verify/autoresearch/runs/20260416_165535/workspace_bug3/.lake/build/lib/lean /Users/victorgallego/.elan/toolchains/leanprover--lean4---v4.28.0/bin/lean /Users/victorgallego/pokered-verify/autoresearch/runs/20260416_165535/workspace_bug3/SM83/Logic.lean -o /Users/victorgallego/pokered-verify/autoresearch/runs/20260416_165535/workspace_bug3/.lake/build/lib/lean/SM83/Logic.olean -i /Users/victorgallego/pokered-verify/autoresearch/runs/20260416_165535/workspace_bug3/.lake/build/lib/lean/SM83/Logic.ilean -c /Users/victorgallego/pokered-verify/autoresearch/runs/20260416_165535/workspace_bug3/.lake/build/ir/SM83/Logic.c --setup /Users/victorgallego/pokered-verify/autoresearch/runs/20260416_165535/workspace_bug3/.lake/build/ir/SM83/Logic.setup.json --json",
   "level": "trace"},
  {"message": "SM83/Logic.lean:111:0: (true, true)", "level": "info"},
  {"message": "SM83/Logic.lean:116:0: (true, true, true)", "level": "info"},
  {"message": "SM83/Logic.lean:121:0: (true, true)", "level": "info"},
  {"message": "SM83/Logic.lean:126:0: (true, true, true)", "level": "info"},
  {"message": "SM83/Logic.lean:131:0: (true, true)", "level": "info"},
  {"message": "SM83/Logic.lean:137:0: (true, true)", "level": "info"},
  {"message": "SM83/Logic.lean:143:0: true", "level": "info"},
  {"message": "SM83/Logic.lean:148:0: true", "level": "info"},
  {"message": "SM83/Logic.lean:153:0: true", "level": "info"}],
 "inputs":
 [["SM83.Logic:deps",
   [["deps",
     [["«autoresearch-workspace»/SM83:extraDep",
       [["@«autoresearch-workspace»:extraDep", "00000000000006bb"]]],
      ["imports",
       [["SM83.Flags transitive imports (legacy)", "4a6c599f91b123b8"],
        ["SM83.Flags:importAllArts", "61022b7cb755029b"],
        ["SM83.Basic transitive imports (legacy)", "00000000000006bb"],
        ["SM83.Basic:importAllArts", "32a27c9b3548f5d9"]]]]],
    ["libs",
     [["import dynlibs", "00000000000006bb"],
      ["package external libraries", "00000000000006bb"],
      ["module dynlibs", "00000000000006bb"],
      ["module plugins", "00000000000006bb"]]]]],
  ["Lean 4.28.0, commit 7e01a1bf5c70fc6167d49c345d3bf80596e9a79b",
   "a96bc04a2e5e9630"],
  ["/Users/victorgallego/pokered-verify/autoresearch/runs/20260416_165535/workspace_bug3/SM83/Logic.lean",
   "117890e3de421d62"],
  ["options", [["-DautoImplicit=false", "4a85acb881fd49d0"]]],
  ["Module.leanArgs: #[]", "00000000000006bb"]],
 "depHash": "2c163712ad061388"}